age
base
base-devel
bash-completion
bat
bc
btop
chaotic-keyring
chaotic-mirrorlist
chezmoi
diffutils
docker
docker-buildx
docker-compose
duf
eza
fastfetch
fd
fish
flameshot
freerdp
fzf
git
github-cli
glfw
glibc-locales
glow
go
gum
helix
htop
inetutils
inotify-tools
jq
just
kitty
less
lib32-vulkan-icd-loader
libnotify
lsof
man-db
man-pages
mesa
mesa-utils
mtr
nano
ncdu
neovim
npm
nspr
nss
nss-mdns
nvidia-utils
openssh
pacman-contrib
pacseek
pandoc-cli
paru
pigz
pnpm
podman
ripgrep
rsync
rustup
sops
starship
stow
sudo
tcpdump
texlive-basic
texlive-fontsrecommended
texlive-langenglish
texlive-langeuropean
texlive-langspanish
texlive-latex
texlive-latexrecommended
texlive-xetex
time
tmux
traceroute
tree
ttf-jetbrains-mono-nerd
unzip
uv
vim
vte-common
vulkan-intel
vulkan-radeon
watchexec
wget
wl-clipboard
xclip
xorg-xauth
yazi
zed
zip
zoxide
