# Lista de aplicaciones Flatpak organizadas por categorías

# === JUEGOS Y GAMING ===
com.valvesoftware.Steam
com.valvesoftware.Steam.CompatibilityTool.Proton-GE

# === MULTIMEDIA - REPRODUCTORES ===
org.videolan.VLC

# === MULTIMEDIA - EDICIÓN ===
com.obsproject.Studio
io.gitlab.theevilskeleton.Upscaler    # escalador de imágenes con IA

# === PRODUCTIVIDAD Y OFICINA ===
com.wps.Office
# org.gnome.Papers                       # visor de documentos GNOME
org.gnome.SimpleScan                   # escáner de documentos GNOME

# === COMUNICACIÓN ===
com.discordapp.Discord

# === DESARROLLO ===
io.dbeaver.DBeaverCommunity
org.sqlitebrowser.sqlitebrowser

# === DISEÑO Y CREATIVIDAD ===
org.gimp.GIMP
org.inkscape.Inkscape
org.blender.Blender

# === UTILIDADES DEL SISTEMA ===
com.github.tchx84.Flatseal
io.github.flattool.Warehouse
io.missioncenter.MissionCenter
io.gitlab.adhami3310.Impression
org.gnome.eog                          # visor de imágenes Eye of GNOME

# === ADMINISTRADORES DE ARCHIVOS ===
org.kde.kwrite                         # editor de texto KDE

# === SEGURIDAD Y PRIVACIDAD ===
com.bitwarden.desktop



