# Lista de aplicaciones Flatpak organizadas por categorías

# === NAVEGADORES ===
app.zen_browser.zen
org.chromium.Chromium

# === JUEGOS Y GAMING ===
com.pokemmo.PokeMMO
com.valvesoftware.Steam

# === MULTIMEDIA - EDICIÓN Y CAPTURA ===
be.alexandervanhee.gradia
com.obsproject.Studio
io.gitlab.theevilskeleton.Upscaler

# === MULTIMEDIA - AUDIO ===
com.spotify.Client
org.pulseaudio.pavucontrol

# === PRODUCTIVIDAD Y OFICINA ===
md.obsidian.Obsidian
org.gnome.Papers
org.gnome.gitlab.somas.Apostrophe
org.libreoffice.LibreOffice

# === COMUNICACIÓN ===
com.discordapp.Discord
net.thunderbird.Thunderbird

# === DESARROLLO ===
fr.arnaudmichel.launcherstudio
io.podman_desktop.PodmanDesktop

# === DISEÑO Y CREATIVIDAD ===
org.blender.Blender
org.gimp.GIMP
org.inkscape.Inkscape

# === MAPAS Y GEOGRAFÍA ===
com.google.EarthPro

# === UTILIDADES DEL SISTEMA ===
best.ellie.StartupConfiguration
com.vixalien.sticky
io.github.flattool.Warehouse
io.github.realmazharhussain.GdmSettings
org.gnome.FileRoller
org.gnome.SimpleScan
